#
# There is insufficient memory for the Java Runtime Environment to continue.
# Native memory allocation (malloc) failed to allocate 915040 bytes for Chunk::new
# Possible reasons:
#   The system is out of physical RAM or swap space
#   The process is running with CompressedOops enabled, and the Java Heap may be blocking the growth of the native heap
# Possible solutions:
#   Reduce memory load on the system
#   Increase physical memory or swap space
#   Check if swap backing store is full
#   Decrease Java heap size (-Xmx/-Xms)
#   Decrease number of Java threads
#   Decrease Java thread stack sizes (-Xss)
#   Set larger code cache with -XX:ReservedCodeCacheSize=
#   JVM is running with Unscaled Compressed Oops mode in which the Java heap is
#     placed in the first 4GB address space. The Java Heap base address is the
#     maximum limit for the native heap growth. Please use -XX:HeapBaseMinAddress
#     to set the Java Heap base and to place the Java Heap above 4GB virtual address.
# This output file may be truncated or incomplete.
#
#  Out of Memory Error (arena.cpp:168), pid=14756, tid=22188
#
# JRE version: Java(TM) SE Runtime Environment (21.0.2+13) (build 21.0.2+13-LTS-58)
# Java VM: Java HotSpot(TM) 64-Bit Server VM (21.0.2+13-LTS-58, mixed mode, sharing, tiered, compressed oops, compressed class ptrs, g1 gc, windows-amd64)
# No core dump will be written. Minidumps are not enabled by default on client versions of Windows
#

---------------  S U M M A R Y ------------

Command Line: -Xmx64m -Xms64m -Dorg.gradle.appname=gradlew org.gradle.wrapper.GradleWrapperMain assembleRelease

Host: AMD Ryzen 5 5500U with Radeon Graphics         , 12 cores, 5G,  Windows 11 , 64 bit Build 22621 (10.0.22621.3672)
Time: Wed Jul 24 20:36:16 2024 Hora Padrão da Bahia elapsed time: 198.507542 seconds (0d 0h 3m 18s)

---------------  T H R E A D  ---------------

Current thread (0x0000024b63f23a80):  JavaThread "C2 CompilerThread0" daemon [_thread_in_native, id=22188, stack(0x000000e344200000,0x000000e344300000) (1024K)]


Current CompileTask:
C2: 198508 1984       4       org.gradle.internal.logging.console.WorkInProgressRenderer::renderNow (351 bytes)

Stack: [0x000000e344200000,0x000000e344300000]
Native frames: (J=compiled Java code, j=interpreted, Vv=VM code, C=native code)
V  [jvm.dll+0x6cade9]
V  [jvm.dll+0x8569c1]
V  [jvm.dll+0x858d2e]
V  [jvm.dll+0x859413]
V  [jvm.dll+0x280e56]
V  [jvm.dll+0xc3f3d]
V  [jvm.dll+0xc4473]
V  [jvm.dll+0x3b5c2c]
V  [jvm.dll+0x382855]
V  [jvm.dll+0x381cca]
V  [jvm.dll+0x249bd0]
V  [jvm.dll+0x2491b1]
V  [jvm.dll+0x1c9634]
V  [jvm.dll+0x258859]
V  [jvm.dll+0x256e3a]
V  [jvm.dll+0x3ef6c6]
V  [jvm.dll+0x7ff568]
V  [jvm.dll+0x6c953d]
C  [ucrtbase.dll+0x29333]
C  [KERNEL32.DLL+0x1257d]
C  [ntdll.dll+0x5af28]


---------------  P R O C E S S  ---------------

Threads class SMR info:
_java_thread_list=0x0000024b68eba140, length=14, elements={
0x0000024b4769d370, 0x0000024b63f1abb0, 0x0000024b63f1e9f0, 0x0000024b63f20dd0,
0x0000024b63f21830, 0x0000024b63f22290, 0x0000024b63f22cf0, 0x0000024b63f23a80,
0x0000024b63f24520, 0x0000024b6821ab60, 0x0000024b6821b9e0, 0x0000024b68d4e110,
0x0000024b68f11340, 0x0000024b68f07230
}

Java Threads: ( => current thread )
  0x0000024b4769d370 JavaThread "main"                              [_thread_in_native, id=20644, stack(0x000000e343400000,0x000000e343500000) (1024K)]
  0x0000024b63f1abb0 JavaThread "Reference Handler"          daemon [_thread_blocked, id=13496, stack(0x000000e343c00000,0x000000e343d00000) (1024K)]
  0x0000024b63f1e9f0 JavaThread "Finalizer"                  daemon [_thread_blocked, id=11996, stack(0x000000e343d00000,0x000000e343e00000) (1024K)]
  0x0000024b63f20dd0 JavaThread "Signal Dispatcher"          daemon [_thread_blocked, id=11280, stack(0x000000e343e00000,0x000000e343f00000) (1024K)]
  0x0000024b63f21830 JavaThread "Attach Listener"            daemon [_thread_blocked, id=14628, stack(0x000000e343f00000,0x000000e344000000) (1024K)]
  0x0000024b63f22290 JavaThread "Service Thread"             daemon [_thread_blocked, id=22900, stack(0x000000e344000000,0x000000e344100000) (1024K)]
  0x0000024b63f22cf0 JavaThread "Monitor Deflation Thread"   daemon [_thread_blocked, id=23484, stack(0x000000e344100000,0x000000e344200000) (1024K)]
=>0x0000024b63f23a80 JavaThread "C2 CompilerThread0"         daemon [_thread_in_native, id=22188, stack(0x000000e344200000,0x000000e344300000) (1024K)]
  0x0000024b63f24520 JavaThread "C1 CompilerThread0"         daemon [_thread_blocked, id=19180, stack(0x000000e344300000,0x000000e344400000) (1024K)]
  0x0000024b6821ab60 JavaThread "Notification Thread"        daemon [_thread_blocked, id=2684, stack(0x000000e344400000,0x000000e344500000) (1024K)]
  0x0000024b6821b9e0 JavaThread "Common-Cleaner"             daemon [_thread_blocked, id=3240, stack(0x000000e344500000,0x000000e344600000) (1024K)]
  0x0000024b68d4e110 JavaThread "pool-1-thread-1"                   [_thread_blocked, id=13876, stack(0x000000e344b00000,0x000000e344c00000) (1024K)]
  0x0000024b68f11340 JavaThread "DisconnectableInputStream source reader" daemon [_thread_in_native, id=5032, stack(0x000000e344d00000,0x000000e344e00000) (1024K)]
  0x0000024b68f07230 JavaThread "Forward input"                     [_thread_blocked, id=7372, stack(0x000000e344e00000,0x000000e344f00000) (1024K)]
Total: 14

Other Threads:
  0x0000024b63efa220 VMThread "VM Thread"                           [id=23468, stack(0x000000e343b00000,0x000000e343c00000) (1024K)]
  0x0000024b49920ab0 WatcherThread "VM Periodic Task Thread"        [id=3400, stack(0x000000e343a00000,0x000000e343b00000) (1024K)]
  0x0000024b49882ea0 WorkerThread "GC Thread#0"                     [id=18780, stack(0x000000e343500000,0x000000e343600000) (1024K)]
  0x0000024b63ef9740 WorkerThread "GC Thread#1"                     [id=3008, stack(0x000000e344700000,0x000000e344800000) (1024K)]
  0x0000024b63efb0a0 WorkerThread "GC Thread#2"                     [id=21876, stack(0x000000e344800000,0x000000e344900000) (1024K)]
  0x0000024b63efad00 WorkerThread "GC Thread#3"                     [id=24012, stack(0x000000e344900000,0x000000e344a00000) (1024K)]
  0x0000024b63ef9ae0 WorkerThread "GC Thread#4"                     [id=20248, stack(0x000000e344a00000,0x000000e344b00000) (1024K)]
  0x0000024b63efa960 WorkerThread "GC Thread#5"                     [id=22260, stack(0x000000e343100000,0x000000e343200000) (1024K)]
  0x0000024b49885690 ConcurrentGCThread "G1 Main Marker"            [id=12596, stack(0x000000e343600000,0x000000e343700000) (1024K)]
  0x0000024b49886340 WorkerThread "G1 Conc#0"                       [id=11888, stack(0x000000e343700000,0x000000e343800000) (1024K)]
  0x0000024b49911680 ConcurrentGCThread "G1 Refine#0"               [id=23368, stack(0x000000e343800000,0x000000e343900000) (1024K)]
  0x0000024b499121f0 ConcurrentGCThread "G1 Service"                [id=20912, stack(0x000000e343900000,0x000000e343a00000) (1024K)]
Total: 12

Threads with active compile tasks:
C2 CompilerThread0   198768 1984       4       org.gradle.internal.logging.console.WorkInProgressRenderer::renderNow (351 bytes)
Total: 1

VM state: not at safepoint (normal execution)

VM Mutex/Monitor currently owned by a thread: None

Heap address: 0x00000000fc000000, size: 64 MB, Compressed Oops mode: 32-bit

CDS archive(s) mapped at: [0x0000024b00000000-0x0000024b00c90000-0x0000024b00c90000), size 13172736, SharedBaseAddress: 0x0000024b00000000, ArchiveRelocationMode: 1.
Compressed class space mapped at: 0x0000024b01000000-0x0000024b41000000, reserved size: 1073741824
Narrow klass base: 0x0000024b00000000, Narrow klass shift: 0, Narrow klass range: 0x100000000

GC Precious Log:
 CardTable entry size: 512
 Card Set container configuration: InlinePtr #cards 5 size 8 Array Of Cards #cards 12 size 40 Howl #buckets 4 coarsen threshold 1843 Howl Bitmap #cards 512 size 80 coarsen threshold 460 Card regions per heap region 1 cards per card region 2048
 CPUs: 12 total, 12 available
 Memory: 6005M
 Large Page Support: Disabled
 NUMA Support: Disabled
 Compressed Oops: Enabled (32-bit)
 Heap Region Size: 1M
 Heap Min Capacity: 64M
 Heap Initial Capacity: 64M
 Heap Max Capacity: 64M
 Pre-touch: Disabled
 Parallel Workers: 10
 Concurrent Workers: 3
 Concurrent Refinement Workers: 10
 Periodic GC: Disabled

Heap:
 garbage-first heap   total 65536K, used 12435K [0x00000000fc000000, 0x0000000100000000)
  region size 1024K, 3 young (3072K), 2 survivors (2048K)
 Metaspace       used 9800K, committed 10048K, reserved 1114112K
  class space    used 1265K, committed 1408K, reserved 1048576K

Heap Regions: E=young(eden), S=young(survivor), O=old, HS=humongous(starts), HC=humongous(continues), CS=collection set, F=free, TAMS=top-at-mark-start, PB=parsable bottom
|   0|0x00000000fc000000, 0x00000000fc100000, 0x00000000fc100000|100%|HS|  |TAMS 0x00000000fc000000| PB 0x00000000fc000000| Complete 
|   1|0x00000000fc100000, 0x00000000fc200000, 0x00000000fc200000|100%|HC|  |TAMS 0x00000000fc100000| PB 0x00000000fc100000| Complete 
|   2|0x00000000fc200000, 0x00000000fc300000, 0x00000000fc300000|100%|HC|  |TAMS 0x00000000fc200000| PB 0x00000000fc200000| Complete 
|   3|0x00000000fc300000, 0x00000000fc400000, 0x00000000fc400000|100%|HC|  |TAMS 0x00000000fc300000| PB 0x00000000fc300000| Complete 
|   4|0x00000000fc400000, 0x00000000fc500000, 0x00000000fc500000|100%| O|  |TAMS 0x00000000fc400000| PB 0x00000000fc400000| Untracked 
|   5|0x00000000fc500000, 0x00000000fc600000, 0x00000000fc600000|100%| O|  |TAMS 0x00000000fc500000| PB 0x00000000fc500000| Untracked 
|   6|0x00000000fc600000, 0x00000000fc700000, 0x00000000fc700000|100%| O|  |TAMS 0x00000000fc600000| PB 0x00000000fc600000| Untracked 
|   7|0x00000000fc700000, 0x00000000fc800000, 0x00000000fc800000|100%| O|  |TAMS 0x00000000fc700000| PB 0x00000000fc700000| Untracked 
|   8|0x00000000fc800000, 0x00000000fc900000, 0x00000000fc900000|100%| O|  |TAMS 0x00000000fc800000| PB 0x00000000fc800000| Untracked 
|   9|0x00000000fc900000, 0x00000000fca00000, 0x00000000fca00000|100%| O|  |TAMS 0x00000000fc900000| PB 0x00000000fc900000| Untracked 
|  10|0x00000000fca00000, 0x00000000fca76040, 0x00000000fcb00000| 46%| O|  |TAMS 0x00000000fca00000| PB 0x00000000fca00000| Untracked 
|  11|0x00000000fcb00000, 0x00000000fcb00000, 0x00000000fcc00000|  0%| F|  |TAMS 0x00000000fcb00000| PB 0x00000000fcb00000| Untracked 
|  12|0x00000000fcc00000, 0x00000000fcc00000, 0x00000000fcd00000|  0%| F|  |TAMS 0x00000000fcc00000| PB 0x00000000fcc00000| Untracked 
|  13|0x00000000fcd00000, 0x00000000fcd00000, 0x00000000fce00000|  0%| F|  |TAMS 0x00000000fcd00000| PB 0x00000000fcd00000| Untracked 
|  14|0x00000000fce00000, 0x00000000fce00000, 0x00000000fcf00000|  0%| F|  |TAMS 0x00000000fce00000| PB 0x00000000fce00000| Untracked 
|  15|0x00000000fcf00000, 0x00000000fcf00000, 0x00000000fd000000|  0%| F|  |TAMS 0x00000000fcf00000| PB 0x00000000fcf00000| Untracked 
|  16|0x00000000fd000000, 0x00000000fd000000, 0x00000000fd100000|  0%| F|  |TAMS 0x00000000fd000000| PB 0x00000000fd000000| Untracked 
|  17|0x00000000fd100000, 0x00000000fd100000, 0x00000000fd200000|  0%| F|  |TAMS 0x00000000fd100000| PB 0x00000000fd100000| Untracked 
|  18|0x00000000fd200000, 0x00000000fd200000, 0x00000000fd300000|  0%| F|  |TAMS 0x00000000fd200000| PB 0x00000000fd200000| Untracked 
|  19|0x00000000fd300000, 0x00000000fd300000, 0x00000000fd400000|  0%| F|  |TAMS 0x00000000fd300000| PB 0x00000000fd300000| Untracked 
|  20|0x00000000fd400000, 0x00000000fd400000, 0x00000000fd500000|  0%| F|  |TAMS 0x00000000fd400000| PB 0x00000000fd400000| Untracked 
|  21|0x00000000fd500000, 0x00000000fd500000, 0x00000000fd600000|  0%| F|  |TAMS 0x00000000fd500000| PB 0x00000000fd500000| Untracked 
|  22|0x00000000fd600000, 0x00000000fd600000, 0x00000000fd700000|  0%| F|  |TAMS 0x00000000fd600000| PB 0x00000000fd600000| Untracked 
|  23|0x00000000fd700000, 0x00000000fd700000, 0x00000000fd800000|  0%| F|  |TAMS 0x00000000fd700000| PB 0x00000000fd700000| Untracked 
|  24|0x00000000fd800000, 0x00000000fd800000, 0x00000000fd900000|  0%| F|  |TAMS 0x00000000fd800000| PB 0x00000000fd800000| Untracked 
|  25|0x00000000fd900000, 0x00000000fd900000, 0x00000000fda00000|  0%| F|  |TAMS 0x00000000fd900000| PB 0x00000000fd900000| Untracked 
|  26|0x00000000fda00000, 0x00000000fda00000, 0x00000000fdb00000|  0%| F|  |TAMS 0x00000000fda00000| PB 0x00000000fda00000| Untracked 
|  27|0x00000000fdb00000, 0x00000000fdb00000, 0x00000000fdc00000|  0%| F|  |TAMS 0x00000000fdb00000| PB 0x00000000fdb00000| Untracked 
|  28|0x00000000fdc00000, 0x00000000fdc00000, 0x00000000fdd00000|  0%| F|  |TAMS 0x00000000fdc00000| PB 0x00000000fdc00000| Untracked 
|  29|0x00000000fdd00000, 0x00000000fdd00000, 0x00000000fde00000|  0%| F|  |TAMS 0x00000000fdd00000| PB 0x00000000fdd00000| Untracked 
|  30|0x00000000fde00000, 0x00000000fde00000, 0x00000000fdf00000|  0%| F|  |TAMS 0x00000000fde00000| PB 0x00000000fde00000| Untracked 
|  31|0x00000000fdf00000, 0x00000000fdf00000, 0x00000000fe000000|  0%| F|  |TAMS 0x00000000fdf00000| PB 0x00000000fdf00000| Untracked 
|  32|0x00000000fe000000, 0x00000000fe000000, 0x00000000fe100000|  0%| F|  |TAMS 0x00000000fe000000| PB 0x00000000fe000000| Untracked 
|  33|0x00000000fe100000, 0x00000000fe100000, 0x00000000fe200000|  0%| F|  |TAMS 0x00000000fe100000| PB 0x00000000fe100000| Untracked 
|  34|0x00000000fe200000, 0x00000000fe2aefb0, 0x00000000fe300000| 68%| S|CS|TAMS 0x00000000fe200000| PB 0x00000000fe200000| Complete 
|  35|0x00000000fe300000, 0x00000000fe400000, 0x00000000fe400000|100%| S|CS|TAMS 0x00000000fe300000| PB 0x00000000fe300000| Complete 
|  36|0x00000000fe400000, 0x00000000fe400000, 0x00000000fe500000|  0%| F|  |TAMS 0x00000000fe400000| PB 0x00000000fe400000| Untracked 
|  37|0x00000000fe500000, 0x00000000fe500000, 0x00000000fe600000|  0%| F|  |TAMS 0x00000000fe500000| PB 0x00000000fe500000| Untracked 
|  38|0x00000000fe600000, 0x00000000fe600000, 0x00000000fe700000|  0%| F|  |TAMS 0x00000000fe600000| PB 0x00000000fe600000| Untracked 
|  39|0x00000000fe700000, 0x00000000fe700000, 0x00000000fe800000|  0%| F|  |TAMS 0x00000000fe700000| PB 0x00000000fe700000| Untracked 
|  40|0x00000000fe800000, 0x00000000fe800000, 0x00000000fe900000|  0%| F|  |TAMS 0x00000000fe800000| PB 0x00000000fe800000| Untracked 
|  41|0x00000000fe900000, 0x00000000fe900000, 0x00000000fea00000|  0%| F|  |TAMS 0x00000000fe900000| PB 0x00000000fe900000| Untracked 
|  42|0x00000000fea00000, 0x00000000fea00000, 0x00000000feb00000|  0%| F|  |TAMS 0x00000000fea00000| PB 0x00000000fea00000| Untracked 
|  43|0x00000000feb00000, 0x00000000feb00000, 0x00000000fec00000|  0%| F|  |TAMS 0x00000000feb00000| PB 0x00000000feb00000| Untracked 
|  44|0x00000000fec00000, 0x00000000fec00000, 0x00000000fed00000|  0%| F|  |TAMS 0x00000000fec00000| PB 0x00000000fec00000| Untracked 
|  45|0x00000000fed00000, 0x00000000fed00000, 0x00000000fee00000|  0%| F|  |TAMS 0x00000000fed00000| PB 0x00000000fed00000| Untracked 
|  46|0x00000000fee00000, 0x00000000fee00000, 0x00000000fef00000|  0%| F|  |TAMS 0x00000000fee00000| PB 0x00000000fee00000| Untracked 
|  47|0x00000000fef00000, 0x00000000fef00000, 0x00000000ff000000|  0%| F|  |TAMS 0x00000000fef00000| PB 0x00000000fef00000| Untracked 
|  48|0x00000000ff000000, 0x00000000ff000000, 0x00000000ff100000|  0%| F|  |TAMS 0x00000000ff000000| PB 0x00000000ff000000| Untracked 
|  49|0x00000000ff100000, 0x00000000ff100000, 0x00000000ff200000|  0%| F|  |TAMS 0x00000000ff100000| PB 0x00000000ff100000| Untracked 
|  50|0x00000000ff200000, 0x00000000ff200000, 0x00000000ff300000|  0%| F|  |TAMS 0x00000000ff200000| PB 0x00000000ff200000| Untracked 
|  51|0x00000000ff300000, 0x00000000ff300000, 0x00000000ff400000|  0%| F|  |TAMS 0x00000000ff300000| PB 0x00000000ff300000| Untracked 
|  52|0x00000000ff400000, 0x00000000ff400000, 0x00000000ff500000|  0%| F|  |TAMS 0x00000000ff400000| PB 0x00000000ff400000| Untracked 
|  53|0x00000000ff500000, 0x00000000ff500000, 0x00000000ff600000|  0%| F|  |TAMS 0x00000000ff500000| PB 0x00000000ff500000| Untracked 
|  54|0x00000000ff600000, 0x00000000ff600000, 0x00000000ff700000|  0%| F|  |TAMS 0x00000000ff600000| PB 0x00000000ff600000| Untracked 
|  55|0x00000000ff700000, 0x00000000ff700000, 0x00000000ff800000|  0%| F|  |TAMS 0x00000000ff700000| PB 0x00000000ff700000| Untracked 
|  56|0x00000000ff800000, 0x00000000ff800000, 0x00000000ff900000|  0%| F|  |TAMS 0x00000000ff800000| PB 0x00000000ff800000| Untracked 
|  57|0x00000000ff900000, 0x00000000ff900000, 0x00000000ffa00000|  0%| F|  |TAMS 0x00000000ff900000| PB 0x00000000ff900000| Untracked 
|  58|0x00000000ffa00000, 0x00000000ffa00000, 0x00000000ffb00000|  0%| F|  |TAMS 0x00000000ffa00000| PB 0x00000000ffa00000| Untracked 
|  59|0x00000000ffb00000, 0x00000000ffb00000, 0x00000000ffc00000|  0%| F|  |TAMS 0x00000000ffb00000| PB 0x00000000ffb00000| Untracked 
|  60|0x00000000ffc00000, 0x00000000ffc00000, 0x00000000ffd00000|  0%| F|  |TAMS 0x00000000ffc00000| PB 0x00000000ffc00000| Untracked 
|  61|0x00000000ffd00000, 0x00000000ffd00000, 0x00000000ffe00000|  0%| F|  |TAMS 0x00000000ffd00000| PB 0x00000000ffd00000| Untracked 
|  62|0x00000000ffe00000, 0x00000000ffe00000, 0x00000000fff00000|  0%| F|  |TAMS 0x00000000ffe00000| PB 0x00000000ffe00000| Untracked 
|  63|0x00000000fff00000, 0x00000000fffc5a18, 0x0000000100000000| 77%| E|  |TAMS 0x00000000fff00000| PB 0x00000000fff00000| Complete 

Card table byte_map: [0x0000024b497b0000,0x0000024b497d0000] _byte_map_base: 0x0000024b48fd0000

Marking Bits: (CMBitMap*) 0x0000024b498835a0
 Bits: [0x0000024b61220000, 0x0000024b61320000)

Polling page: 0x0000024b49030000

Metaspace:

Usage:
  Non-class:      8.33 MB used.
      Class:      1.24 MB used.
       Both:      9.57 MB used.

Virtual space:
  Non-class space:       64.00 MB reserved,       8.44 MB ( 13%) committed,  1 nodes.
      Class space:        1.00 GB reserved,       1.38 MB ( <1%) committed,  1 nodes.
             Both:        1.06 GB reserved,       9.81 MB ( <1%) committed. 

Chunk freelists:
   Non-Class:  7.38 MB
       Class:  14.57 MB
        Both:  21.94 MB

MaxMetaspaceSize: unlimited
CompressedClassSpaceSize: 1.00 GB
Initial GC threshold: 21.00 MB
Current GC threshold: 21.00 MB
CDS: on
 - commit_granule_bytes: 65536.
 - commit_granule_words: 8192.
 - virtual_space_node_default_size: 8388608.
 - enlarge_chunks_in_place: 1.
 - use_allocation_guard: 0.


Internal statistics:

num_allocs_failed_limit: 0.
num_arena_births: 206.
num_arena_deaths: 0.
num_vsnodes_births: 2.
num_vsnodes_deaths: 0.
num_space_committed: 157.
num_space_uncommitted: 0.
num_chunks_returned_to_freelist: 0.
num_chunks_taken_from_freelist: 468.
num_chunk_merges: 0.
num_chunk_splits: 321.
num_chunks_enlarged: 249.
num_inconsistent_stats: 0.

CodeHeap 'non-profiled nmethods': size=120000Kb used=769Kb max_used=769Kb free=119230Kb
 bounds [0x0000024b597a0000, 0x0000024b59a10000, 0x0000024b60cd0000]
CodeHeap 'profiled nmethods': size=120000Kb used=3770Kb max_used=3770Kb free=116229Kb
 bounds [0x0000024b51cd0000, 0x0000024b52080000, 0x0000024b59200000]
CodeHeap 'non-nmethods': size=5760Kb used=1397Kb max_used=1427Kb free=4363Kb
 bounds [0x0000024b59200000, 0x0000024b59470000, 0x0000024b597a0000]
 total_blobs=2475 nmethods=1978 adapters=402
 compilation: enabled
              stopped_count=0, restarted_count=0
 full_count=0

Compilation events (20 events):
Event: 161.492 Thread 0x0000024b63f24520 nmethod 1972 0x0000024b5207be10 code [0x0000024b5207bfc0, 0x0000024b5207c110]
Event: 173.436 Thread 0x0000024b63f24520 1973   !   3       org.apache.commons.io.output.ProxyOutputStream::write (32 bytes)
Event: 173.684 Thread 0x0000024b63f24520 nmethod 1973 0x0000024b5207c190 code [0x0000024b5207c360, 0x0000024b5207c818]
Event: 180.034 Thread 0x0000024b63f23a80 1976       4       java.util.concurrent.ScheduledThreadPoolExecutor::canRunInCurrentRunState (61 bytes)
Event: 180.044 Thread 0x0000024b63f23a80 nmethod 1976 0x0000024b5985fc10 code [0x0000024b5985fda0, 0x0000024b5985fe70]
Event: 182.732 Thread 0x0000024b63f24520 1977       1       org.gradle.internal.logging.sink.GroupingProgressLogEventGenerator::access$300 (5 bytes)
Event: 182.733 Thread 0x0000024b63f24520 nmethod 1977 0x0000024b5985ff90 code [0x0000024b59860120, 0x0000024b598601d0]
Event: 182.794 Thread 0x0000024b63f24520 1978       3       org.gradle.internal.logging.text.AbstractStyledTextOutput::text (19 bytes)
Event: 182.796 Thread 0x0000024b63f24520 nmethod 1978 0x0000024b5207ca10 code [0x0000024b5207cbe0, 0x0000024b5207ced8]
Event: 182.796 Thread 0x0000024b63f24520 1979       3       java.util.Arrays::copyOf (33 bytes)
Event: 182.994 Thread 0x0000024b63f24520 nmethod 1979 0x0000024b5207d010 code [0x0000024b5207d200, 0x0000024b5207d6f8]
Event: 182.994 Thread 0x0000024b63f24520 1980       3       org.gradle.internal.logging.text.AbstractLineChoppingStyledTextOutput$SeenFromEol::<init> (20 bytes)
Event: 182.996 Thread 0x0000024b63f24520 nmethod 1980 0x0000024b5207d890 code [0x0000024b5207da40, 0x0000024b5207dc68]
Event: 186.765 Thread 0x0000024b63f23a80 1981       4       jdk.internal.misc.Unsafe::putReferenceOpaque (9 bytes)
Event: 186.769 Thread 0x0000024b63f23a80 nmethod 1981 0x0000024b59860290 code [0x0000024b59860420, 0x0000024b59860578]
Event: 197.835 Thread 0x0000024b63f24520 1982       3       java.lang.ref.Reference::enqueueFromPending (19 bytes)
Event: 197.837 Thread 0x0000024b63f24520 nmethod 1982 0x0000024b5207dd10 code [0x0000024b5207dec0, 0x0000024b5207e0e0]
Event: 197.837 Thread 0x0000024b63f24520 1983       3       java.lang.ref.ReferenceQueue::enqueue0 (98 bytes)
Event: 197.840 Thread 0x0000024b63f24520 nmethod 1983 0x0000024b5207e190 code [0x0000024b5207e380, 0x0000024b5207e9b0]
Event: 197.865 Thread 0x0000024b63f23a80 1984       4       org.gradle.internal.logging.console.WorkInProgressRenderer::renderNow (351 bytes)

GC Heap History (4 events):
Event: 0.741 GC heap before
{Heap before GC invocations=0 (full 0):
 garbage-first heap   total 65536K, used 26624K [0x00000000fc000000, 0x0000000100000000)
  region size 1024K, 23 young (23552K), 0 survivors (0K)
 Metaspace       used 3752K, committed 3968K, reserved 1114112K
  class space    used 466K, committed 576K, reserved 1048576K
}
Event: 0.747 GC heap after
{Heap after GC invocations=1 (full 0):
 garbage-first heap   total 65536K, used 10840K [0x00000000fc000000, 0x0000000100000000)
  region size 1024K, 3 young (3072K), 3 survivors (3072K)
 Metaspace       used 3752K, committed 3968K, reserved 1114112K
  class space    used 466K, committed 576K, reserved 1048576K
}
Event: 197.067 GC heap before
{Heap before GC invocations=1 (full 0):
 garbage-first heap   total 65536K, used 36440K [0x00000000fc000000, 0x0000000100000000)
  region size 1024K, 28 young (28672K), 3 survivors (3072K)
 Metaspace       used 9798K, committed 10048K, reserved 1114112K
  class space    used 1265K, committed 1408K, reserved 1048576K
}
Event: 197.824 GC heap after
{Heap after GC invocations=2 (full 0):
 garbage-first heap   total 65536K, used 12435K [0x00000000fc000000, 0x0000000100000000)
  region size 1024K, 2 young (2048K), 2 survivors (2048K)
 Metaspace       used 9798K, committed 10048K, reserved 1114112K
  class space    used 1265K, committed 1408K, reserved 1048576K
}

Dll operation events (13 events):
Event: 0.006 Loaded shared library C:\Program Files\Java\jdk-21\bin\java.dll
Event: 0.033 Loaded shared library C:\Program Files\Java\jdk-21\bin\jsvml.dll
Event: 0.050 Loaded shared library C:\Program Files\Java\jdk-21\bin\net.dll
Event: 0.056 Loaded shared library C:\Program Files\Java\jdk-21\bin\nio.dll
Event: 0.063 Loaded shared library C:\Program Files\Java\jdk-21\bin\zip.dll
Event: 0.077 Loaded shared library C:\Program Files\Java\jdk-21\bin\verify.dll
Event: 0.398 Loaded shared library C:\Program Files\Java\jdk-21\bin\jimage.dll
Event: 0.770 Loaded shared library C:\Users\luhmg\.gradle\native\c067742578af261105cb4f569cf0c3c89f3d7b1fecec35dd04571415982c5e48\windows-amd64\native-platform.dll
Event: 0.795 Loaded shared library C:\Users\luhmg\.gradle\native\jansi\1.18\windows64\jansi.dll
Event: 0.946 Loaded shared library C:\Program Files\Java\jdk-21\bin\management.dll
Event: 0.951 Loaded shared library C:\Program Files\Java\jdk-21\bin\management_ext.dll
Event: 1.091 Loaded shared library C:\Program Files\Java\jdk-21\bin\extnet.dll
Event: 1.142 Loaded shared library C:\Program Files\Java\jdk-21\bin\sunmscapi.dll

Deoptimization events (20 events):
Event: 1.162 Thread 0x0000024b4769d370 DEOPT PACKING pc=0x0000024b597ca59c sp=0x000000e3434fb2a0
Event: 1.162 Thread 0x0000024b4769d370 DEOPT UNPACKING pc=0x0000024b592546a2 sp=0x000000e3434fb1d8 mode 2
Event: 19.542 Thread 0x0000024b4769d370 DEOPT PACKING pc=0x0000024b51f8c66d sp=0x000000e3434fd800
Event: 19.542 Thread 0x0000024b4769d370 DEOPT UNPACKING pc=0x0000024b59254e42 sp=0x000000e3434fcc98 mode 0
Event: 19.611 Thread 0x0000024b4769d370 Uncommon trap: trap_request=0xffffff45 fr.pc=0x0000024b59838bd8 relative=0x0000000000000418
Event: 19.611 Thread 0x0000024b4769d370 Uncommon trap: reason=unstable_if action=reinterpret pc=0x0000024b59838bd8 method=com.esotericsoftware.kryo.io.Input.readUtf8(I)V @ 79 c2
Event: 19.611 Thread 0x0000024b4769d370 DEOPT PACKING pc=0x0000024b59838bd8 sp=0x000000e3434fd890
Event: 19.611 Thread 0x0000024b4769d370 DEOPT UNPACKING pc=0x0000024b592546a2 sp=0x000000e3434fd828 mode 2
Event: 20.599 Thread 0x0000024b4769d370 DEOPT PACKING pc=0x0000024b51fee45d sp=0x000000e3434fd800
Event: 20.599 Thread 0x0000024b4769d370 DEOPT UNPACKING pc=0x0000024b59254e42 sp=0x000000e3434fcc98 mode 0
Event: 23.082 Thread 0x0000024b4769d370 DEOPT PACKING pc=0x0000024b51fee45d sp=0x000000e3434fd800
Event: 23.082 Thread 0x0000024b4769d370 DEOPT UNPACKING pc=0x0000024b59254e42 sp=0x000000e3434fcc98 mode 0
Event: 25.004 Thread 0x0000024b4769d370 DEOPT PACKING pc=0x0000024b51fee45d sp=0x000000e3434fd800
Event: 25.004 Thread 0x0000024b4769d370 DEOPT UNPACKING pc=0x0000024b59254e42 sp=0x000000e3434fcc98 mode 0
Event: 26.374 Thread 0x0000024b4769d370 DEOPT PACKING pc=0x0000024b51fee45d sp=0x000000e3434fd920
Event: 26.374 Thread 0x0000024b4769d370 DEOPT UNPACKING pc=0x0000024b59254e42 sp=0x000000e3434fcdb8 mode 0
Event: 32.127 Thread 0x0000024b4769d370 Uncommon trap: trap_request=0xffffff45 fr.pc=0x0000024b598322b0 relative=0x00000000000001f0
Event: 32.127 Thread 0x0000024b4769d370 Uncommon trap: reason=unstable_if action=reinterpret pc=0x0000024b598322b0 method=com.esotericsoftware.kryo.io.Input.require(I)I @ 65 c2
Event: 32.127 Thread 0x0000024b4769d370 DEOPT PACKING pc=0x0000024b598322b0 sp=0x000000e3434fd9e0
Event: 32.127 Thread 0x0000024b4769d370 DEOPT UNPACKING pc=0x0000024b592546a2 sp=0x000000e3434fd990 mode 2

Classes loaded (20 events):
Event: 1.236 Loading class jdk/internal/logger/LoggerFinderLoader
Event: 1.236 Loading class jdk/internal/logger/LoggerFinderLoader done
Event: 1.237 Loading class jdk/internal/logger/LoggerFinderLoader$TemporaryLoggerFinder
Event: 1.237 Loading class jdk/internal/logger/LoggerFinderLoader$TemporaryLoggerFinder done
Event: 1.237 Loading class sun/util/logging/internal/LoggingProviderImpl$JULWrapper
Event: 1.237 Loading class sun/util/logging/PlatformLogger$ConfigurableBridge$LoggerConfiguration
Event: 1.237 Loading class sun/util/logging/PlatformLogger$ConfigurableBridge$LoggerConfiguration done
Event: 1.237 Loading class sun/util/logging/internal/LoggingProviderImpl$JULWrapper done
Event: 1.238 Loading class java/io/ObjectInputFilter$Config$BuiltinFilterFactory
Event: 1.238 Loading class java/io/ObjectInputFilter$Config$BuiltinFilterFactory done
Event: 1.238 Loading class jdk/internal/access/JavaObjectInputFilterAccess
Event: 1.238 Loading class jdk/internal/access/JavaObjectInputFilterAccess done
Event: 1.239 Loading class java/lang/System$Logger$Level
Event: 1.239 Loading class java/lang/System$Logger$Level done
Event: 14.813 Loading class java/lang/invoke/MethodHandle$1
Event: 14.813 Loading class java/lang/invoke/MethodHandle$1 done
Event: 16.205 Loading class jdk/internal/foreign/MemorySessionImpl
Event: 16.205 Loading class java/lang/foreign/MemorySegment$Scope
Event: 16.205 Loading class java/lang/foreign/MemorySegment$Scope done
Event: 16.205 Loading class jdk/internal/foreign/MemorySessionImpl done

Classes unloaded (0 events):
No events

Classes redefined (0 events):
No events

Internal exceptions (20 events):
Event: 0.220 Thread 0x0000024b4769d370 Exception <a 'java/lang/NoSuchMethodError'{0x00000000ffc53718}: 'void java.lang.invoke.DirectMethodHandle$Holder.invokeStatic(java.lang.Object, java.lang.Object, java.lang.Object)'> (0x00000000ffc53718) 
thrown [s\open\src\hotspot\share\interpreter\linkResolver.cpp, line 773]
Event: 0.222 Thread 0x0000024b4769d370 Exception <a 'java/lang/NoSuchMethodError'{0x00000000ffc65e08}: 'java.lang.Object java.lang.invoke.Invokers$Holder.invokeExact_MT(java.lang.Object, java.lang.Object, java.lang.Object, java.lang.Object, java.lang.Object)'> (0x00000000ffc65e08) 
thrown [s\open\src\hotspot\share\interpreter\linkResolver.cpp, line 773]
Event: 0.227 Thread 0x0000024b4769d370 Exception <a 'java/lang/NoSuchMethodError'{0x00000000ffcd90f0}: 'int java.lang.invoke.DirectMethodHandle$Holder.invokeStaticInit(java.lang.Object, java.lang.Object)'> (0x00000000ffcd90f0) 
thrown [s\open\src\hotspot\share\interpreter\linkResolver.cpp, line 773]
Event: 0.733 Thread 0x0000024b4769d370 Exception <a 'java/lang/NoClassDefFoundError'{0x00000000fe9a1878}: org/slf4j/impl/StaticMarkerBinder> (0x00000000fe9a1878) 
thrown [s\open\src\hotspot\share\classfile\systemDictionary.cpp, line 301]
Event: 0.751 Thread 0x0000024b4769d370 Exception <a 'java/lang/NoSuchMethodError'{0x00000000fff2feb0}: 'java.lang.Object java.lang.invoke.DirectMethodHandle$Holder.invokeVirtual(java.lang.Object, java.lang.Object, java.lang.Object, java.lang.Object, java.lang.Object, java.lang.Object, java.lang.Object)'> (0x00000000fff2feb0) 
thrown [s\open\src\hotspot\share\interpreter\linkResolver.cpp, line 773]
Event: 0.753 Thread 0x0000024b4769d370 Exception <a 'java/lang/NoSuchMethodError'{0x00000000fff42b78}: 'java.lang.Object java.lang.invoke.DirectMethodHandle$Holder.invokeStatic(java.lang.Object, java.lang.Object, int)'> (0x00000000fff42b78) 
thrown [s\open\src\hotspot\share\interpreter\linkResolver.cpp, line 773]
Event: 0.754 Thread 0x0000024b4769d370 Exception <a 'java/lang/NoSuchMethodError'{0x00000000fff4dfc8}: 'void java.lang.invoke.DelegatingMethodHandle$Holder.delegate(java.lang.Object, java.lang.Object, int, java.lang.Object)'> (0x00000000fff4dfc8) 
thrown [s\open\src\hotspot\share\interpreter\linkResolver.cpp, line 773]
Event: 0.754 Thread 0x0000024b4769d370 Exception <a 'java/lang/NoSuchMethodError'{0x00000000fff51e38}: 'int java.lang.invoke.DirectMethodHandle$Holder.invokeSpecial(java.lang.Object, java.lang.Object, java.lang.Object)'> (0x00000000fff51e38) 
thrown [s\open\src\hotspot\share\interpreter\linkResolver.cpp, line 773]
Event: 0.777 Thread 0x0000024b4769d370 Exception <a 'java/lang/NoSuchMethodError'{0x00000000ffe2b488}: 'java.lang.Object java.lang.invoke.DirectMethodHandle$Holder.invokeVirtual(java.lang.Object, java.lang.Object, java.lang.Object)'> (0x00000000ffe2b488) 
thrown [s\open\src\hotspot\share\interpreter\linkResolver.cpp, line 773]
Event: 0.867 Thread 0x0000024b4769d370 Exception <a 'java/lang/NoSuchMethodError'{0x00000000ffb804d8}: 'java.lang.Object java.lang.invoke.DirectMethodHandle$Holder.invokeVirtual(java.lang.Object, java.lang.Object, java.lang.Object, java.lang.Object)'> (0x00000000ffb804d8) 
thrown [s\open\src\hotspot\share\interpreter\linkResolver.cpp, line 773]
Event: 0.877 Thread 0x0000024b4769d370 Exception <a 'java/lang/NoSuchMethodError'{0x00000000ffbf73d8}: 'java.lang.Object java.lang.invoke.DirectMethodHandle$Holder.invokeVirtual(java.lang.Object, java.lang.Object, java.lang.Object, java.lang.Object, java.lang.Object, java.lang.Object)'> (0x00000000ffbf73d8) 
thrown [s\open\src\hotspot\share\interpreter\linkResolver.cpp, line 773]
Event: 0.969 Thread 0x0000024b4769d370 Exception <a 'java/lang/NoSuchMethodError'{0x00000000ff763270}: 'int java.lang.invoke.DirectMethodHandle$Holder.invokeVirtual(java.lang.Object, java.lang.Object, java.lang.Object)'> (0x00000000ff763270) 
thrown [s\open\src\hotspot\share\interpreter\linkResolver.cpp, line 773]
Event: 0.996 Thread 0x0000024b4769d370 Exception <a 'java/lang/NoSuchMethodError'{0x00000000ff695160}: 'java.lang.Object java.lang.invoke.DirectMethodHandle$Holder.invokeVirtual(java.lang.Object, java.lang.Object, java.lang.Object, java.lang.Object, java.lang.Object)'> (0x00000000ff695160) 
thrown [s\open\src\hotspot\share\interpreter\linkResolver.cpp, line 773]
Event: 0.998 Thread 0x0000024b4769d370 Exception <a 'java/lang/NoSuchMethodError'{0x00000000ff6a87d0}: 'java.lang.Object java.lang.invoke.Invokers$Holder.invokeExact_MT(java.lang.Object, java.lang.Object, java.lang.Object, java.lang.Object, java.lang.Object, java.lang.Object)'> (0x00000000ff6a87d0) 
thrown [s\open\src\hotspot\share\interpreter\linkResolver.cpp, line 773]
Event: 1.024 Thread 0x0000024b4769d370 Exception <a 'java/lang/NoSuchMethodError'{0x00000000ff418e90}: 'java.lang.Object java.lang.invoke.DirectMethodHandle$Holder.invokeVirtual(java.lang.Object, java.lang.Object, java.lang.Object, java.lang.Object, java.lang.Object, java.lang.Object, java.lang.Object, java.lang.Object)'> (0x00000000ff418e90) 
thrown [s\open\src\hotspot\share\interpreter\linkResolver.cpp, line 773]
Event: 1.045 Thread 0x0000024b4769d370 Exception <a 'java/lang/NoSuchMethodError'{0x00000000ff330d80}: 'java.lang.Object java.lang.invoke.DirectMethodHandle$Holder.invokeStaticInit(java.lang.Object, int, int, int, int)'> (0x00000000ff330d80) 
thrown [s\open\src\hotspot\share\interpreter\linkResolver.cpp, line 773]
Event: 1.075 Thread 0x0000024b4769d370 Exception <a 'java/lang/NoSuchMethodError'{0x00000000ff221e30}: 'java.lang.Object java.lang.invoke.DirectMethodHandle$Holder.invokeStaticInit(java.lang.Object, java.lang.Object, int, int, int, int)'> (0x00000000ff221e30) 
thrown [s\open\src\hotspot\share\interpreter\linkResolver.cpp, line 773]
Event: 1.109 Thread 0x0000024b4769d370 Implicit null exception at 0x0000024b597dcaa0 to 0x0000024b597dd03c
Event: 1.109 Thread 0x0000024b4769d370 Implicit null exception at 0x0000024b597f3820 to 0x0000024b597f3e6c
Event: 1.111 Thread 0x0000024b4769d370 Exception <a 'java/lang/NoSuchMethodError'{0x00000000ff2edd90}: 'void java.lang.invoke.DirectMethodHandle$Holder.invokeInterface(java.lang.Object, java.lang.Object, java.lang.Object)'> (0x00000000ff2edd90) 
thrown [s\open\src\hotspot\share\interpreter\linkResolver.cpp, line 773]

ZGC Phase Switch (0 events):
No events

VM Operations (20 events):
Event: 147.071 Executing VM operation: Cleanup
Event: 147.081 Executing VM operation: Cleanup done
Event: 149.094 Executing VM operation: Cleanup
Event: 149.094 Executing VM operation: Cleanup done
Event: 150.103 Executing VM operation: Cleanup
Event: 150.103 Executing VM operation: Cleanup done
Event: 157.154 Executing VM operation: Cleanup
Event: 157.155 Executing VM operation: Cleanup done
Event: 158.168 Executing VM operation: Cleanup
Event: 158.169 Executing VM operation: Cleanup done
Event: 163.194 Executing VM operation: Cleanup
Event: 163.194 Executing VM operation: Cleanup done
Event: 174.582 Executing VM operation: Cleanup
Event: 174.712 Executing VM operation: Cleanup done
Event: 180.593 Executing VM operation: HandshakeAllThreads (HandshakeForDeflation)
Event: 180.594 Executing VM operation: HandshakeAllThreads (HandshakeForDeflation) done
Event: 180.595 Executing VM operation: RendezvousGCThreads
Event: 180.595 Executing VM operation: RendezvousGCThreads done
Event: 197.063 Executing VM operation: G1CollectForAllocation (G1 Evacuation Pause)
Event: 197.830 Executing VM operation: G1CollectForAllocation (G1 Evacuation Pause) done

Events (16 events):
Event: 0.019 Thread 0x0000024b4769d370 Thread added: 0x0000024b4769d370
Event: 0.031 Thread 0x0000024b63f1abb0 Thread added: 0x0000024b63f1abb0
Event: 0.031 Thread 0x0000024b63f1e9f0 Thread added: 0x0000024b63f1e9f0
Event: 0.031 Thread 0x0000024b63f20dd0 Thread added: 0x0000024b63f20dd0
Event: 0.031 Thread 0x0000024b63f21830 Thread added: 0x0000024b63f21830
Event: 0.031 Thread 0x0000024b63f22290 Thread added: 0x0000024b63f22290
Event: 0.031 Thread 0x0000024b63f22cf0 Thread added: 0x0000024b63f22cf0
Event: 0.031 Thread 0x0000024b63f23a80 Thread added: 0x0000024b63f23a80
Event: 0.031 Thread 0x0000024b63f24520 Thread added: 0x0000024b63f24520
Event: 0.043 Thread 0x0000024b6821ab60 Thread added: 0x0000024b6821ab60
Event: 0.045 Thread 0x0000024b6821b9e0 Thread added: 0x0000024b6821b9e0
Event: 0.271 Thread 0x0000024b68405a90 Thread added: 0x0000024b68405a90
Event: 0.819 Thread 0x0000024b68d4e110 Thread added: 0x0000024b68d4e110
Event: 1.204 Thread 0x0000024b68f11340 Thread added: 0x0000024b68f11340
Event: 1.207 Thread 0x0000024b68f07230 Thread added: 0x0000024b68f07230
Event: 1.334 Thread 0x0000024b68405a90 Thread exited: 0x0000024b68405a90


Dynamic libraries:
0x00007ff6be150000 - 0x00007ff6be160000 	C:\Program Files\Java\jdk-21\bin\java.exe
0x00007ffe9d290000 - 0x00007ffe9d4a7000 	C:\WINDOWS\SYSTEM32\ntdll.dll
0x00007ffe9c4b0000 - 0x00007ffe9c574000 	C:\WINDOWS\System32\KERNEL32.DLL
0x00007ffe9a810000 - 0x00007ffe9abbd000 	C:\WINDOWS\System32\KERNELBASE.dll
0x00007ffe9a630000 - 0x00007ffe9a741000 	C:\WINDOWS\System32\ucrtbase.dll
0x00007ffe834c0000 - 0x00007ffe834d9000 	C:\Program Files\Java\jdk-21\bin\jli.dll
0x00007ffe83210000 - 0x00007ffe8322b000 	C:\Program Files\Java\jdk-21\bin\VCRUNTIME140.dll
0x00007ffe9b0a0000 - 0x00007ffe9b152000 	C:\WINDOWS\System32\ADVAPI32.dll
0x00007ffe9b240000 - 0x00007ffe9b2e7000 	C:\WINDOWS\System32\msvcrt.dll
0x00007ffe9ba70000 - 0x00007ffe9bb19000 	C:\WINDOWS\System32\sechost.dll
0x00007ffe9ad10000 - 0x00007ffe9ad38000 	C:\WINDOWS\System32\bcrypt.dll
0x00007ffe9b5a0000 - 0x00007ffe9b6b4000 	C:\WINDOWS\System32\RPCRT4.dll
0x00007ffe9d060000 - 0x00007ffe9d20e000 	C:\WINDOWS\System32\USER32.dll
0x00007ffe9ace0000 - 0x00007ffe9ad06000 	C:\WINDOWS\System32\win32u.dll
0x00007ffe805b0000 - 0x00007ffe80843000 	C:\WINDOWS\WinSxS\amd64_microsoft.windows.common-controls_6595b64144ccf1df_6.0.22621.3672_none_2713b9d173822955\COMCTL32.dll
0x00007ffe9d210000 - 0x00007ffe9d239000 	C:\WINDOWS\System32\GDI32.dll
0x00007ffe9aeb0000 - 0x00007ffe9afc9000 	C:\WINDOWS\System32\gdi32full.dll
0x00007ffe9ac40000 - 0x00007ffe9acda000 	C:\WINDOWS\System32\msvcp_win.dll
0x00007ffe915c0000 - 0x00007ffe915ca000 	C:\WINDOWS\SYSTEM32\VERSION.dll
0x00007ffe9c3c0000 - 0x00007ffe9c3f1000 	C:\WINDOWS\System32\IMM32.DLL
0x00007ffe8d7c0000 - 0x00007ffe8d7cc000 	C:\Program Files\Java\jdk-21\bin\vcruntime140_1.dll
0x00007ffe1dc40000 - 0x00007ffe1dcce000 	C:\Program Files\Java\jdk-21\bin\msvcp140.dll
0x00007ffdf19b0000 - 0x00007ffdf26c7000 	C:\Program Files\Java\jdk-21\bin\server\jvm.dll
0x00007ffe9b160000 - 0x00007ffe9b1d1000 	C:\WINDOWS\System32\WS2_32.dll
0x00007ffe9a2d0000 - 0x00007ffe9a31d000 	C:\WINDOWS\SYSTEM32\POWRPROF.dll
0x00007ffe95440000 - 0x00007ffe95474000 	C:\WINDOWS\SYSTEM32\WINMM.dll
0x00007ffe9a2b0000 - 0x00007ffe9a2c3000 	C:\WINDOWS\SYSTEM32\UMPDC.dll
0x00007ffe99560000 - 0x00007ffe99578000 	C:\WINDOWS\SYSTEM32\kernel.appcore.dll
0x00007ffe84c30000 - 0x00007ffe84c3a000 	C:\Program Files\Java\jdk-21\bin\jimage.dll
0x00007ffe93ea0000 - 0x00007ffe940d2000 	C:\WINDOWS\SYSTEM32\DBGHELP.DLL
0x00007ffe9bfa0000 - 0x00007ffe9c328000 	C:\WINDOWS\System32\combase.dll
0x00007ffe9b2f0000 - 0x00007ffe9b3c7000 	C:\WINDOWS\System32\OLEAUT32.dll
0x00007ffe8c2c0000 - 0x00007ffe8c2f2000 	C:\WINDOWS\SYSTEM32\dbgcore.DLL
0x00007ffe9abc0000 - 0x00007ffe9ac3b000 	C:\WINDOWS\System32\bcryptPrimitives.dll
0x00007ffe81e90000 - 0x00007ffe81eaf000 	C:\Program Files\Java\jdk-21\bin\java.dll
0x00007ffe9c6e0000 - 0x00007ffe9cf3f000 	C:\WINDOWS\System32\SHELL32.dll
0x00007ffe984c0000 - 0x00007ffe98dbc000 	C:\WINDOWS\SYSTEM32\windows.storage.dll
0x00007ffe98380000 - 0x00007ffe984bf000 	C:\WINDOWS\SYSTEM32\wintypes.dll
0x00007ffe9b7b0000 - 0x00007ffe9b8a4000 	C:\WINDOWS\System32\SHCORE.dll
0x00007ffe9b6c0000 - 0x00007ffe9b71e000 	C:\WINDOWS\System32\shlwapi.dll
0x00007ffe9a4f0000 - 0x00007ffe9a511000 	C:\WINDOWS\SYSTEM32\profapi.dll
0x00007ffe0b4e0000 - 0x00007ffe0b5b7000 	C:\Program Files\Java\jdk-21\bin\jsvml.dll
0x00007ffe81e80000 - 0x00007ffe81e90000 	C:\Program Files\Java\jdk-21\bin\net.dll
0x00007ffe95b10000 - 0x00007ffe95c46000 	C:\WINDOWS\SYSTEM32\WINHTTP.dll
0x00007ffe99a40000 - 0x00007ffe99aa9000 	C:\WINDOWS\system32\mswsock.dll
0x00007ffe7dc70000 - 0x00007ffe7dc86000 	C:\Program Files\Java\jdk-21\bin\nio.dll
0x00007ffe776d0000 - 0x00007ffe776e8000 	C:\Program Files\Java\jdk-21\bin\zip.dll
0x00007ffe811e0000 - 0x00007ffe811f0000 	C:\Program Files\Java\jdk-21\bin\verify.dll
0x00007ffe706c0000 - 0x00007ffe706e7000 	C:\Users\luhmg\.gradle\native\c067742578af261105cb4f569cf0c3c89f3d7b1fecec35dd04571415982c5e48\windows-amd64\native-platform.dll
0x00007ffe932e0000 - 0x00007ffe932ea000 	C:\Users\luhmg\.gradle\native\jansi\1.18\windows64\jansi.dll
0x00007ffe79dc0000 - 0x00007ffe79dca000 	C:\Program Files\Java\jdk-21\bin\management.dll
0x00007ffe776a0000 - 0x00007ffe776ab000 	C:\Program Files\Java\jdk-21\bin\management_ext.dll
0x00007ffe9cf50000 - 0x00007ffe9cf58000 	C:\WINDOWS\System32\PSAPI.DLL
0x00007ffe99cc0000 - 0x00007ffe99cdb000 	C:\WINDOWS\SYSTEM32\CRYPTSP.dll
0x00007ffe99520000 - 0x00007ffe99555000 	C:\WINDOWS\system32\rsaenh.dll
0x00007ffe99b60000 - 0x00007ffe99b88000 	C:\WINDOWS\SYSTEM32\USERENV.dll
0x00007ffe99ce0000 - 0x00007ffe99cec000 	C:\WINDOWS\SYSTEM32\CRYPTBASE.dll
0x00007ffe99020000 - 0x00007ffe9904d000 	C:\WINDOWS\SYSTEM32\IPHLPAPI.DLL
0x00007ffe9c3b0000 - 0x00007ffe9c3b9000 	C:\WINDOWS\System32\NSI.dll
0x00007ffe7f750000 - 0x00007ffe7f759000 	C:\Program Files\Java\jdk-21\bin\extnet.dll
0x00007ffe81190000 - 0x00007ffe8119e000 	C:\Program Files\Java\jdk-21\bin\sunmscapi.dll
0x00007ffe9ad40000 - 0x00007ffe9aea7000 	C:\WINDOWS\System32\CRYPT32.dll
0x00007ffe99e80000 - 0x00007ffe99eae000 	C:\WINDOWS\SYSTEM32\ncrypt.dll
0x00007ffe99e40000 - 0x00007ffe99e77000 	C:\WINDOWS\SYSTEM32\NTASN1.dll
0x00007ffe91db0000 - 0x00007ffe91db8000 	C:\WINDOWS\system32\wshunix.dll

dbghelp: loaded successfully - version: 4.0.5 - missing functions: none
symbol engine: initialized successfully - sym options: 0x614 - pdb path: .;C:\Program Files\Java\jdk-21\bin;C:\WINDOWS\SYSTEM32;C:\WINDOWS\WinSxS\amd64_microsoft.windows.common-controls_6595b64144ccf1df_6.0.22621.3672_none_2713b9d173822955;C:\Program Files\Java\jdk-21\bin\server;C:\Users\luhmg\.gradle\native\c067742578af261105cb4f569cf0c3c89f3d7b1fecec35dd04571415982c5e48\windows-amd64;C:\Users\luhmg\.gradle\native\jansi\1.18\windows64

VM Arguments:
jvm_args: -Xmx64m -Xms64m -Dorg.gradle.appname=gradlew 
java_command: org.gradle.wrapper.GradleWrapperMain assembleRelease
java_class_path (initial): C:\Users\luhmg\Desktop\FullStack\Mobile\DianaWallet\android\\gradle\wrapper\gradle-wrapper.jar
Launcher Type: SUN_STANDARD

[Global flags]
     intx CICompilerCount                          = 4                                         {product} {ergonomic}
     uint ConcGCThreads                            = 3                                         {product} {ergonomic}
     uint G1ConcRefinementThreads                  = 10                                        {product} {ergonomic}
   size_t G1HeapRegionSize                         = 1048576                                   {product} {ergonomic}
    uintx GCDrainStackTargetSize                   = 64                                        {product} {ergonomic}
   size_t InitialHeapSize                          = 67108864                                  {product} {command line}
   size_t MarkStackSize                            = 4194304                                   {product} {ergonomic}
   size_t MaxHeapSize                              = 67108864                                  {product} {command line}
   size_t MaxNewSize                               = 39845888                                  {product} {ergonomic}
   size_t MinHeapDeltaBytes                        = 1048576                                   {product} {ergonomic}
   size_t MinHeapSize                              = 67108864                                  {product} {command line}
    uintx NonNMethodCodeHeapSize                   = 5839372                                {pd product} {ergonomic}
    uintx NonProfiledCodeHeapSize                  = 122909434                              {pd product} {ergonomic}
    uintx ProfiledCodeHeapSize                     = 122909434                              {pd product} {ergonomic}
    uintx ReservedCodeCacheSize                    = 251658240                              {pd product} {ergonomic}
     bool SegmentedCodeCache                       = true                                      {product} {ergonomic}
   size_t SoftMaxHeapSize                          = 67108864                               {manageable} {ergonomic}
     bool UseCompressedOops                        = true                           {product lp64_product} {ergonomic}
     bool UseG1GC                                  = true                                      {product} {ergonomic}
     bool UseLargePagesIndividualAllocation        = false                                  {pd product} {ergonomic}

Logging:
Log output configuration:
 #0: stdout all=warning uptime,level,tags foldmultilines=false
 #1: stderr all=off uptime,level,tags foldmultilines=false

Environment Variables:
CLASSPATH=C:\Users\luhmg\Desktop\FullStack\Mobile\DianaWallet\android\\gradle\wrapper\gradle-wrapper.jar
PATH=C:\Program Files\Common Files\Oracle\Java\javapath;C:\WINDOWS\system32;C:\WINDOWS;C:\WINDOWS\System32\Wbem;C:\WINDOWS\System32\WindowsPowerShell\v1.0\;C:\WINDOWS\System32\OpenSSH\;C:\Program Files\Git\cmd;C:\Program Files\Docker\Docker\resources\bin;C:\ProgramData\chocolatey\bin;C:\Program Files\nodejs\;C:\Program Files\MySQL\MySQL Shell 8.0\bin\;C:\Users\luhmg\AppData\Local\Programs\Python\Python310\python;C:\Users\luhmg\AppData\Local\Programs\Python\Launcher\;C:\Users\luhmg\.local\share\solana\install\active_release\bin;C:\Users\luhmg\AppData\Local\Microsoft\WindowsApps;C:\Users\luhmg\AppData\Local\Programs\Microsoft VS Code\bin;C:\Users\luhmg\AppData\Local\GitHubDesktop\bin;C:\Users\luhmg\AppData\Local\Google\Cloud SDK\google-cloud-sdk\bin;C:\Program Files\JetBrains\PyCharm Community Edition 2023.3.5\bin;;C:\Users\luhmg\AppData\Local\Programs\Python\Python310\Scripts;C:\Program Files\MongoDB\Server\7.0\bin;C:\Users\luhmg\AppData\Local\Programs\mongosh\;C:\Users\luhmg\AppData\Roaming\npm;C:\Program Files\MySQL\MySQL Server 8.0\bin;C:\xampp\mysql\bin;
USERNAME=luhmg
LANG=en_US.UTF-8
OS=Windows_NT
PROCESSOR_IDENTIFIER=AMD64 Family 23 Model 104 Stepping 1, AuthenticAMD
TMP=C:\Users\luhmg\AppData\Local\Temp
TEMP=C:\Users\luhmg\AppData\Local\Temp




Periodic native trim disabled

---------------  S Y S T E M  ---------------

OS:
 Windows 11 , 64 bit Build 22621 (10.0.22621.3672)
OS uptime: 0 days 10:26 hours
Hyper-V role detected

CPU: total 12 (initial active 12) (12 cores per cpu, 2 threads per core) family 23 model 104 stepping 1 microcode 0x0, cx8, cmov, fxsr, ht, mmx, 3dnowpref, sse, sse2, sse3, ssse3, sse4a, sse4.1, sse4.2, popcnt, lzcnt, tsc, tscinvbit, avx, avx2, aes, clmul, bmi1, bmi2, adx, sha, fma, vzeroupper, clflush, clflushopt, hv, rdtscp, rdpid, f16c
Processor Information for processor 0
  Max Mhz: 2100, Current Mhz: 2100, Mhz Limit: 2100
Processor Information for processor 1
  Max Mhz: 2100, Current Mhz: 2100, Mhz Limit: 2100
Processor Information for processor 2
  Max Mhz: 2100, Current Mhz: 2100, Mhz Limit: 2100
Processor Information for processor 3
  Max Mhz: 2100, Current Mhz: 1988, Mhz Limit: 2100
Processor Information for processor 4
  Max Mhz: 2100, Current Mhz: 2100, Mhz Limit: 2100
Processor Information for processor 5
  Max Mhz: 2100, Current Mhz: 1988, Mhz Limit: 2100
Processor Information for processor 6
  Max Mhz: 2100, Current Mhz: 2100, Mhz Limit: 2100
Processor Information for processor 7
  Max Mhz: 2100, Current Mhz: 2100, Mhz Limit: 2100
Processor Information for processor 8
  Max Mhz: 2100, Current Mhz: 1988, Mhz Limit: 2100
Processor Information for processor 9
  Max Mhz: 2100, Current Mhz: 2100, Mhz Limit: 2100
Processor Information for processor 10
  Max Mhz: 2100, Current Mhz: 2100, Mhz Limit: 2100
Processor Information for processor 11
  Max Mhz: 2100, Current Mhz: 2100, Mhz Limit: 2100

Memory: 4k page, system-wide physical 6005M (5M free)
TotalPageFile size 24437M (AvailPageFile size 16M)
current process WorkingSet (physical memory assigned to process): 33M, peak: 94M
current process commit charge ("private bytes"): 183M, peak: 183M

vm_info: Java HotSpot(TM) 64-Bit Server VM (21.0.2+13-LTS-58) for windows-amd64 JRE (21.0.2+13-LTS-58), built on 2024-01-05T18:32:24Z by "mach5one" with MS VC++ 17.1 (VS2022)

END.
